<?xml version="1.0" encoding="UTF-8"?>
<robot generator="Robot 7.0.1 (Python 3.12.5 on win32)" generated="2024-09-09T12:27:13.262831" rpa="false" schemaversion="5">
<suite id="s1" name="Post With Template" source="C:\Users\thali\Documents\github\APIrobot\post_with_template.robot">
<test id="s1-t1" name="Exemplo: Postando com body template" line="14">
<kw name="Conectar com autenticação por token na API do GitHub">
<kw name="Create Dictionary" owner="BuiltIn">
<msg time="2024-09-09T12:27:14.357546" level="INFO">${HEADERS} = {'Authorization': 'Bearer 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'}</msg>
<var>${HEADERS}</var>
<arg>Authorization=Bearer ${MY_GITHUB_TOKEN}</arg>
<doc>Creates and returns a dictionary based on the given ``items``.</doc>
<status status="PASS" start="2024-09-09T12:27:14.356549" elapsed="0.000997"/>
</kw>
<kw name="Create Session" owner="RequestsLibrary">
<msg time="2024-09-09T12:27:14.358498" level="INFO">Creating Session using : alias=mygithubAuth, url=https://api.github.com, headers={'Authorization': 'Bearer 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'},                     cookies={}, auth=None, timeout=None, proxies=None, verify=False,                     debug=0 </msg>
<arg>alias=mygithubAuth</arg>
<arg>url=${GITHUB_HOST}</arg>
<arg>headers=${HEADERS}</arg>
<arg>disable_warnings=True</arg>
<doc>Create Session: create a HTTP session to a server</doc>
<status status="PASS" start="2024-09-09T12:27:14.357546" elapsed="0.000952"/>
</kw>
<status status="PASS" start="2024-09-09T12:27:14.355507" elapsed="0.002991"/>
</kw>
<kw name="Postar uma nova issue com label &quot;robot framework&quot;" source_name="Postar uma nova issue com label &quot;${LABEL}&quot;">
<kw name="Format String" owner="String">
<msg time="2024-09-09T12:27:14.360491" level="INFO" html="true">Reading template from file &lt;a href="C:\Users\thali\Documents\github\APIrobot\data\input\post_issue.json"&gt;C:\Users\thali\Documents\github\APIrobot\data\input\post_issue.json&lt;/a&gt;.</msg>
<msg time="2024-09-09T12:27:14.361488" level="INFO">${BODY} = {
    "title": "Teste de criar Issue via API do GitHub by [thalitech]",
    "body": "thalitech criou essa Issue via API do GitHub nos testes com Robot Framework!",
    "assignees": [
        "thalitec...</msg>
<var>${BODY}</var>
<arg>C:\\Users\\thali\\Documents\\github\\APIrobot/data/input/post_issue.json</arg>
<arg>user_git=${MY_GITHUB_USER}</arg>
<arg>label=${LABEL}</arg>
<doc>Formats a ``template`` using the given ``positional`` and ``named`` arguments.</doc>
<status status="PASS" start="2024-09-09T12:27:14.360491" elapsed="0.000997"/>
</kw>
<kw name="Log" owner="BuiltIn">
<msg time="2024-09-09T12:27:14.362690" level="INFO">Meu Body ficou:
{
    "title": "Teste de criar Issue via API do GitHub by [thalitech]",
    "body": "thalitech criou essa Issue via API do GitHub nos testes com Robot Framework!",
    "assignees": [
        "thalitech"
    ],
    "labels": [
        "robot framework"
    ]
}
</msg>
<arg>Meu Body ficou:\n${BODY}</arg>
<doc>Logs the given message with the given level.</doc>
<status status="PASS" start="2024-09-09T12:27:14.361968" elapsed="0.000722"/>
</kw>
<kw name="Post Request" owner="RequestsLibrary">
<msg time="2024-09-09T12:27:14.363517" level="WARN">Keyword 'RequestsLibrary.Post Request' is deprecated. Please use `POST On Session` instead.</msg>
<msg time="2024-09-09T12:27:15.514513" level="INFO">POST Request : url=https://api.github.com/repos/thalitech/apirobot/issues 
 path_url=/repos/thalitech/apirobot/issues 
 headers={'User-Agent': 'python-requests/2.32.3', 'Accept-Encoding': 'gzip, deflate', 'Accept': '*/*', 'Connection': 'keep-alive', 'Authorization': 'Bearer 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', 'Content-Length': '260'} 
 body=b'{\n    "title": "Teste de criar Issue via API do GitHub by [thalitech]",\n    "body": "thalitech criou essa Issue via API do GitHub nos testes com Robot Framework!",\n    "assignees": [\n        "thalitech"\n    ],\n    "labels": [\n        "robot framework"\n    ]\n}\n' 
 </msg>
<msg time="2024-09-09T12:27:15.514513" level="INFO">POST Response : url=https://api.github.com/repos/thalitech/apirobot/issues 
 status=201, reason=Created 
 headers={'Date': 'Mon, 09 Sep 2024 15:27:16 GMT', 'Content-Type': 'application/json; charset=utf-8', 'Content-Length': '4187', 'Cache-Control': 'private, max-age=60, s-maxage=60', 'Vary': 'Accept, Authorization, Cookie, X-GitHub-OTP,Accept-Encoding, Accept, X-Requested-With', 'ETag': '"a0d7ae0e9bd45dcec575c840031c035cc3db427a53ca8a14499f18038800332b"', 'X-OAuth-Scopes': 'admin:enterprise, admin:gpg_key, admin:org, admin:org_hook, admin:public_key, admin:repo_hook, admin:ssh_signing_key, audit_log, codespace, copilot, delete:packages, delete_repo, gist, notifications, project, repo, user, workflow, write:discussion, write:packages', 'X-Accepted-OAuth-Scopes': '', 'github-authentication-token-expiration': '2024-09-11 03:00:00 UTC', 'Location': 'https://api.github.com/repos/thalitech/apirobot/issues/2', 'X-GitHub-Media-Type': 'github.v3; format=json', 'x-github-api-version-selected': '2022-11-28', 'X-RateLimit-Limit': '5000', 'X-RateLimit-Remaining': '4990', 'X-RateLimit-Reset': '1725897533', 'X-RateLimit-Used': '10', 'X-RateLimit-Resource': 'core', 'Access-Control-Expose-Headers': 'ETag, Link, Location, Retry-After, X-GitHub-OTP, X-RateLimit-Limit, X-RateLimit-Remaining, X-RateLimit-Used, X-RateLimit-Resource, X-RateLimit-Reset, X-OAuth-Scopes, X-Accepted-OAuth-Scopes, X-Poll-Interval, X-GitHub-Media-Type, X-GitHub-SSO, X-GitHub-Request-Id, Deprecation, Sunset', 'Access-Control-Allow-Origin': '*', 'Strict-Transport-Security': 'max-age=31536000; includeSubdomains; preload', 'X-Frame-Options': 'deny', 'X-Content-Type-Options': 'nosniff', 'X-XSS-Protection': '0', 'Referrer-Policy': 'origin-when-cross-origin, strict-origin-when-cross-origin', 'Content-Security-Policy': "default-src 'none'", 'Server': 'github.com', 'X-GitHub-Request-Id': 'C29E:2D205:1E26CD6:1F8A53A:66DF13D3'} 
 body={"url":"https://api.github.com/repos/thalitech/apirobot/issues/2","repository_url":"https://api.github.com/repos/thalitech/apirobot","labels_url":"https://api.github.com/repos/thalitech/apirobot/issues/2/labels{/name}","comments_url":"https://api.github.com/repos/thalitech/apirobot/issues/2/comments","events_url":"https://api.github.com/repos/thalitech/apirobot/issues/2/events","html_url":"https://github.com/thalitech/apirobot/issues/2","id":2514274150,"node_id":"I_kwDOMvCF2c6V3Mdm","number":2,"title":"Teste de criar Issue via API do GitHub by [thalitech]","user":{"login":"thalitech","id":175446870,"node_id":"U_kgDOCnUbVg","avatar_url":"https://avatars.githubusercontent.com/u/175446870?v=4","gravatar_id":"","url":"https://api.github.com/users/thalitech","html_url":"https://github.com/thalitech","followers_url":"https://api.github.com/users/thalitech/followers","following_url":"https://api.github.com/users/thalitech/following{/other_user}","gists_url":"https://api.github.com/users/thalitech/gists{/gist_id}","starred_url":"https://api.github.com/users/thalitech/starred{/owner}{/repo}","subscriptions_url":"https://api.github.com/users/thalitech/subscriptions","organizations_url":"https://api.github.com/users/thalitech/orgs","repos_url":"https://api.github.com/users/thalitech/repos","events_url":"https://api.github.com/users/thalitech/events{/privacy}","received_events_url":"https://api.github.com/users/thalitech/received_events","type":"User","site_admin":false},"labels":[{"id":7440122796,"node_id":"LA_kwDOMvCF2c8AAAABu3dDrA","url":"https://api.github.com/repos/thalitech/apirobot/labels/robot%20framework","name":"robot framework","color":"ededed","default":false,"description":null}],"state":"open","locked":false,"assignee":{"login":"thalitech","id":175446870,"node_id":"U_kgDOCnUbVg","avatar_url":"https://avatars.githubusercontent.com/u/175446870?v=4","gravatar_id":"","url":"https://api.github.com/users/thalitech","html_url":"https://github.com/thalitech","followers_url":"https://api.github.com/users/thalitech/followers","following_url":"https://api.github.com/users/thalitech/following{/other_user}","gists_url":"https://api.github.com/users/thalitech/gists{/gist_id}","starred_url":"https://api.github.com/users/thalitech/starred{/owner}{/repo}","subscriptions_url":"https://api.github.com/users/thalitech/subscriptions","organizations_url":"https://api.github.com/users/thalitech/orgs","repos_url":"https://api.github.com/users/thalitech/repos","events_url":"https://api.github.com/users/thalitech/events{/privacy}","received_events_url":"https://api.github.com/users/thalitech/received_events","type":"User","site_admin":false},"assignees":[{"login":"thalitech","id":175446870,"node_id":"U_kgDOCnUbVg","avatar_url":"https://avatars.githubusercontent.com/u/175446870?v=4","gravatar_id":"","url":"https://api.github.com/users/thalitech","html_url":"https://github.com/thalitech","followers_url":"https://api.github.com/users/thalitech/followers","following_url":"https://api.github.com/users/thalitech/following{/other_user}","gists_url":"https://api.github.com/users/thalitech/gists{/gist_id}","starred_url":"https://api.github.com/users/thalitech/starred{/owner}{/repo}","subscriptions_url":"https://api.github.com/users/thalitech/subscriptions","organizations_url":"https://api.github.com/users/thalitech/orgs","repos_url":"https://api.github.com/users/thalitech/repos","events_url":"https://api.github.com/users/thalitech/events{/privacy}","received_events_url":"https://api.github.com/users/thalitech/received_events","type":"User","site_admin":false}],"milestone":null,"comments":0,"created_at":"2024-09-09T15:27:15Z","updated_at":"2024-09-09T15:27:16Z","closed_at":null,"author_association":"OWNER","active_lock_reason":null,"body":"thalitech criou essa Issue via API do GitHub nos testes com Robot Framework!","closed_by":null,"reactions":{"url":"https://api.github.com/repos/thalitech/apirobot/issues/2/reactions","total_count":0,"+1":0,"-1":0,"laugh":0,"hooray":0,"confused":0,"heart":0,"rocket":0,"eyes":0},"timeline_url":"https://api.github.com/repos/thalitech/apirobot/issues/2/timeline","performed_via_github_app":null,"state_reason":null} 
 </msg>
<msg time="2024-09-09T12:27:15.516508" level="INFO">${RESPONSE} = &lt;Response [201]&gt;</msg>
<var>${RESPONSE}</var>
<arg>alias=mygithubAuth</arg>
<arg>uri=${ISSUES_URI}</arg>
<arg>data=${BODY}</arg>
<doc>*DEPRECATED* Please use `POST On Session` instead.</doc>
<status status="PASS" start="2024-09-09T12:27:14.362690" elapsed="1.153818"/>
</kw>
<kw name="Confere sucesso na requisição">
<kw name="Should Be True" owner="BuiltIn">
<arg>'${RESPONSE.status_code}'=='200' or '${RESPONSE.status_code}'=='201'</arg>
<arg>msg=Erro na requisição! Verifique: ${RESPONSE}</arg>
<doc>Fails if the given condition is not true.</doc>
<status status="PASS" start="2024-09-09T12:27:15.518503" elapsed="0.014959"/>
</kw>
<arg>${RESPONSE}</arg>
<status status="PASS" start="2024-09-09T12:27:15.517505" elapsed="0.015957"/>
</kw>
<status status="PASS" start="2024-09-09T12:27:14.359683" elapsed="1.174777"/>
</kw>
<status status="PASS" start="2024-09-09T12:27:14.354508" elapsed="1.189956"/>
</test>
<doc>Exemplos da própria Library: https://github.com/bulkan/robotframework-requests/blob/master/tests/testcase.robot
Doc da API do GitHub: https://developer.github.com/v3/</doc>
<status status="PASS" start="2024-09-09T12:27:13.265822" elapsed="2.288953"/>
</suite>
<statistics>
<total>
<stat pass="1" fail="0" skip="0">All Tests</stat>
</total>
<tag>
</tag>
<suite>
<stat pass="1" fail="0" skip="0" id="s1" name="Post With Template">Post With Template</stat>
</suite>
</statistics>
<errors>
<msg time="2024-09-09T12:27:14.363517" level="WARN">Keyword 'RequestsLibrary.Post Request' is deprecated. Please use `POST On Session` instead.</msg>
</errors>
</robot>
