<?xml version="1.0" encoding="UTF-8"?>
<robot generator="Robot 7.0.1 (Python 3.12.5 on win32)" generated="2024-09-09T10:38:36.551111" rpa="false" schemaversion="5">
<suite id="s1" name="Post With Template" source="C:\Users\thali\Documents\github\APIrobot\post_with_template.robot">
<test id="s1-t1" name="Exemplo: Postando com body template" line="14">
<kw name="Conectar com autenticação por token na API do GitHub">
<kw name="Create Dictionary" owner="BuiltIn">
<msg time="2024-09-09T10:38:37.839584" level="INFO">${HEADERS} = {'Authorization': 'Bearer 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'}</msg>
<var>${HEADERS}</var>
<arg>Authorization=Bearer ${MY_GITHUB_TOKEN}</arg>
<doc>Creates and returns a dictionary based on the given ``items``.</doc>
<status status="PASS" start="2024-09-09T10:38:37.838554" elapsed="0.001030"/>
</kw>
<kw name="Create Session" owner="RequestsLibrary">
<msg time="2024-09-09T10:38:37.840549" level="INFO">Creating Session using : alias=mygithubAuth, url=https://api.github.com, headers={'Authorization': 'Bearer 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'},                     cookies={}, auth=None, timeout=None, proxies=None, verify=False,                     debug=0 </msg>
<arg>alias=mygithubAuth</arg>
<arg>url=${GITHUB_HOST}</arg>
<arg>headers=${HEADERS}</arg>
<arg>disable_warnings=True</arg>
<doc>Create Session: create a HTTP session to a server</doc>
<status status="PASS" start="2024-09-09T10:38:37.839584" elapsed="0.001961"/>
</kw>
<status status="PASS" start="2024-09-09T10:38:37.836559" elapsed="0.004986"/>
</kw>
<kw name="Postar uma nova issue com label &quot;robot framework&quot;" source_name="Postar uma nova issue com label &quot;${LABEL}&quot;">
<kw name="Format String" owner="String">
<msg time="2024-09-09T10:38:37.844538" level="INFO" html="true">Reading template from file &lt;a href="C:\Users\thali\Documents\github\APIrobot\data\input\post_issue.json"&gt;C:\Users\thali\Documents\github\APIrobot\data\input\post_issue.json&lt;/a&gt;.</msg>
<msg time="2024-09-09T10:38:37.845536" level="INFO">${BODY} = {
    "title": "Teste de criar Issue via API do GitHub by [thalitech]",
    "body": "thalitech criou essa Issue via API do GitHub nos testes com Robot Framework!",
    "assignees": [
        "thalitec...</msg>
<var>${BODY}</var>
<arg>C:\\Users\\thali\\Documents\\github\\APIrobot/data/input/post_issue.json</arg>
<arg>user_git=${MY_GITHUB_USER}</arg>
<arg>label=${LABEL}</arg>
<doc>Formats a ``template`` using the given ``positional`` and ``named`` arguments.</doc>
<status status="PASS" start="2024-09-09T10:38:37.844538" elapsed="0.000998"/>
</kw>
<kw name="Log" owner="BuiltIn">
<msg time="2024-09-09T10:38:37.846715" level="INFO">Meu Body ficou:
{
    "title": "Teste de criar Issue via API do GitHub by [thalitech]",
    "body": "thalitech criou essa Issue via API do GitHub nos testes com Robot Framework!",
    "assignees": [
        "thalitech"
    ],
    "labels": [
        "robot framework"
    ]
}
</msg>
<arg>Meu Body ficou:\n${BODY}</arg>
<doc>Logs the given message with the given level.</doc>
<status status="PASS" start="2024-09-09T10:38:37.846533" elapsed="0.000182"/>
</kw>
<kw name="Post Request" owner="RequestsLibrary">
<msg time="2024-09-09T10:38:37.847529" level="WARN">Keyword 'RequestsLibrary.Post Request' is deprecated. Please use `POST On Session` instead.</msg>
<msg time="2024-09-09T10:38:39.131098" level="INFO">POST Request : url=https://api.github.com/repos/mayribeirofernandes/myudemyrobotframeworkcourse/issues 
 path_url=/repos/mayribeirofernandes/myudemyrobotframeworkcourse/issues 
 headers={'User-Agent': 'python-requests/2.32.3', 'Accept-Encoding': 'gzip, deflate', 'Accept': '*/*', 'Connection': 'keep-alive', 'Authorization': 'Bearer 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', 'Content-Length': '260'} 
 body=b'{\n    "title": "Teste de criar Issue via API do GitHub by [thalitech]",\n    "body": "thalitech criou essa Issue via API do GitHub nos testes com Robot Framework!",\n    "assignees": [\n        "thalitech"\n    ],\n    "labels": [\n        "robot framework"\n    ]\n}\n' 
 </msg>
<msg time="2024-09-09T10:38:39.131098" level="INFO">POST Response : url=https://api.github.com/repos/mayribeirofernandes/myudemyrobotframeworkcourse/issues 
 status=201, reason=Created 
 headers={'Date': 'Mon, 09 Sep 2024 13:38:39 GMT', 'Content-Type': 'application/json; charset=utf-8', 'Content-Length': '2399', 'Cache-Control': 'private, max-age=60, s-maxage=60', 'Vary': 'Accept, Authorization, Cookie, X-GitHub-OTP,Accept-Encoding, Accept, X-Requested-With', 'ETag': '"a58062d6e6fbcf51d85a959d8828993fcb13c4a6d8ee729bdbb192bc71e0c23e"', 'X-OAuth-Scopes': 'audit_log, codespace, copilot, gist, notifications, project, repo, user, workflow, write:discussion, write:packages', 'X-Accepted-OAuth-Scopes': '', 'Location': 'https://api.github.com/repos/mayribeirofernandes/myudemyrobotframeworkcourse/issues/238', 'X-GitHub-Media-Type': 'github.v3; format=json', 'x-github-api-version-selected': '2022-11-28', 'X-RateLimit-Limit': '5000', 'X-RateLimit-Remaining': '4996', 'X-RateLimit-Reset': '1725892435', 'X-RateLimit-Used': '4', 'X-RateLimit-Resource': 'core', 'Access-Control-Expose-Headers': 'ETag, Link, Location, Retry-After, X-GitHub-OTP, X-RateLimit-Limit, X-RateLimit-Remaining, X-RateLimit-Used, X-RateLimit-Resource, X-RateLimit-Reset, X-OAuth-Scopes, X-Accepted-OAuth-Scopes, X-Poll-Interval, X-GitHub-Media-Type, X-GitHub-SSO, X-GitHub-Request-Id, Deprecation, Sunset', 'Access-Control-Allow-Origin': '*', 'Strict-Transport-Security': 'max-age=31536000; includeSubdomains; preload', 'X-Frame-Options': 'deny', 'X-Content-Type-Options': 'nosniff', 'X-XSS-Protection': '0', 'Referrer-Policy': 'origin-when-cross-origin, strict-origin-when-cross-origin', 'Content-Security-Policy': "default-src 'none'", 'Server': 'github.com', 'X-GitHub-Request-Id': 'FFC9:122EFC:7C89E5:82A4B0:66DEFA5E'} 
 body={"url":"https://api.github.com/repos/mayribeirofernandes/myudemyrobotframeworkcourse/issues/238","repository_url":"https://api.github.com/repos/mayribeirofernandes/myudemyrobotframeworkcourse","labels_url":"https://api.github.com/repos/mayribeirofernandes/myudemyrobotframeworkcourse/issues/238/labels{/name}","comments_url":"https://api.github.com/repos/mayribeirofernandes/myudemyrobotframeworkcourse/issues/238/comments","events_url":"https://api.github.com/repos/mayribeirofernandes/myudemyrobotframeworkcourse/issues/238/events","html_url":"https://github.com/mayribeirofernandes/myudemyrobotframeworkcourse/issues/238","id":2514004097,"node_id":"I_kwDODPWc7s6V2KiB","number":238,"title":"Teste de criar Issue via API do GitHub by [thalitech]","user":{"login":"thalitech","id":175446870,"node_id":"U_kgDOCnUbVg","avatar_url":"https://avatars.githubusercontent.com/u/175446870?v=4","gravatar_id":"","url":"https://api.github.com/users/thalitech","html_url":"https://github.com/thalitech","followers_url":"https://api.github.com/users/thalitech/followers","following_url":"https://api.github.com/users/thalitech/following{/other_user}","gists_url":"https://api.github.com/users/thalitech/gists{/gist_id}","starred_url":"https://api.github.com/users/thalitech/starred{/owner}{/repo}","subscriptions_url":"https://api.github.com/users/thalitech/subscriptions","organizations_url":"https://api.github.com/users/thalitech/orgs","repos_url":"https://api.github.com/users/thalitech/repos","events_url":"https://api.github.com/users/thalitech/events{/privacy}","received_events_url":"https://api.github.com/users/thalitech/received_events","type":"User","site_admin":false},"labels":[],"state":"open","locked":false,"assignee":null,"assignees":[],"milestone":null,"comments":0,"created_at":"2024-09-09T13:38:39Z","updated_at":"2024-09-09T13:38:39Z","closed_at":null,"author_association":"NONE","active_lock_reason":null,"body":"thalitech criou essa Issue via API do GitHub nos testes com Robot Framework!","closed_by":null,"reactions":{"url":"https://api.github.com/repos/mayribeirofernandes/myudemyrobotframeworkcourse/issues/238/reactions","total_count":0,"+1":0,"-1":0,"laugh":0,"hooray":0,"confused":0,"heart":0,"rocket":0,"eyes":0},"timeline_url":"https://api.github.com/repos/mayribeirofernandes/myudemyrobotframeworkcourse/issues/238/timeline","performed_via_github_app":null,"state_reason":null} 
 </msg>
<msg time="2024-09-09T10:38:39.131704" level="INFO">${RESPONSE} = &lt;Response [201]&gt;</msg>
<var>${RESPONSE}</var>
<arg>alias=mygithubAuth</arg>
<arg>uri=${ISSUES_URI}</arg>
<arg>data=${BODY}</arg>
<doc>*DEPRECATED* Please use `POST On Session` instead.</doc>
<status status="PASS" start="2024-09-09T10:38:37.846715" elapsed="1.284989"/>
</kw>
<kw name="Confere sucesso na requisição">
<kw name="Should Be True" owner="BuiltIn">
<arg>'${RESPONSE.status_code}'=='200' or '${RESPONSE.status_code}'=='201'</arg>
<arg>msg=Erro na requisição! Verifique: ${RESPONSE}</arg>
<doc>Fails if the given condition is not true.</doc>
<status status="PASS" start="2024-09-09T10:38:39.132095" elapsed="0.002993"/>
</kw>
<arg>${RESPONSE}</arg>
<status status="PASS" start="2024-09-09T10:38:39.132095" elapsed="0.002993"/>
</kw>
<status status="PASS" start="2024-09-09T10:38:37.843012" elapsed="1.292076"/>
</kw>
<status status="PASS" start="2024-09-09T10:38:37.835562" elapsed="1.300524"/>
</test>
<doc>Exemplos da própria Library: https://github.com/bulkan/robotframework-requests/blob/master/tests/testcase.robot
Doc da API do GitHub: https://developer.github.com/v3/</doc>
<status status="PASS" start="2024-09-09T10:38:36.553988" elapsed="2.585090"/>
</suite>
<statistics>
<total>
<stat pass="1" fail="0" skip="0">All Tests</stat>
</total>
<tag>
</tag>
<suite>
<stat pass="1" fail="0" skip="0" id="s1" name="Post With Template">Post With Template</stat>
</suite>
</statistics>
<errors>
<msg time="2024-09-09T10:38:37.847529" level="WARN">Keyword 'RequestsLibrary.Post Request' is deprecated. Please use `POST On Session` instead.</msg>
</errors>
</robot>
