<?xml version="1.0" encoding="UTF-8"?>
<robot generator="Robot 7.0.1 (Python 3.12.5 on win32)" generated="2024-09-09T12:07:22.713035" rpa="false" schemaversion="5">
<suite id="s1" name="Headers Params Auth" source="C:\Users\thali\Documents\github\APIrobot\headers_params_auth.robot">
<test id="s1-t1" name="Exemplo: Fazendo autenticação básica (Basic Authentication)" line="13">
<kw name="Conectar com autenticação por token na API do GitHub">
<kw name="Create Dictionary" owner="BuiltIn">
<msg time="2024-09-09T12:07:23.504825" level="INFO">${HEADERS} = {'Authorization': 'Bearer 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'}</msg>
<var>${HEADERS}</var>
<arg>Authorization=Bearer ${MY_GITHUB_TOKEN}</arg>
<doc>Creates and returns a dictionary based on the given ``items``.</doc>
<status status="PASS" start="2024-09-09T12:07:23.503826" elapsed="0.000999"/>
</kw>
<kw name="Create Session" owner="RequestsLibrary">
<msg time="2024-09-09T12:07:23.505821" level="INFO">Creating Session using : alias=mygithubAuth, url=https://api.github.com, headers={'Authorization': 'Bearer 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'},                     cookies={}, auth=None, timeout=None, proxies=None, verify=False,                     debug=0 </msg>
<arg>alias=mygithubAuth</arg>
<arg>url=${GITHUB_HOST}</arg>
<arg>headers=${HEADERS}</arg>
<arg>disable_warnings=True</arg>
<doc>Create Session: create a HTTP session to a server</doc>
<status status="PASS" start="2024-09-09T12:07:23.504825" elapsed="0.001063"/>
</kw>
<status status="PASS" start="2024-09-09T12:07:23.503826" elapsed="0.002062"/>
</kw>
<kw name="Solicitar os dados do meu usuário">
<kw name="Get Request" owner="RequestsLibrary">
<msg time="2024-09-09T12:07:23.506785" level="WARN">Keyword 'RequestsLibrary.Get Request' is deprecated. Please use `GET On Session` instead.</msg>
<msg time="2024-09-09T12:07:23.906406" level="INFO">GET Request : url=https://api.github.com/user 
 path_url=/user 
 headers={'User-Agent': 'python-requests/2.32.3', 'Accept-Encoding': 'gzip, deflate', 'Accept': '*/*', 'Connection': 'keep-alive', 'Authorization': 'Bearer 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'} 
 body=None 
 </msg>
<msg time="2024-09-09T12:07:23.906406" level="INFO">GET Response : url=https://api.github.com/user 
 status=200, reason=OK 
 headers={'Date': 'Mon, 09 Sep 2024 15:07:24 GMT', 'Content-Type': 'application/json; charset=utf-8', 'Cache-Control': 'private, max-age=60, s-maxage=60', 'Vary': 'Accept, Authorization, Cookie, X-GitHub-OTP,Accept-Encoding, Accept, X-Requested-With', 'ETag': 'W/"030ef2d67199693a982e38d95e90cda709331932c443c38268b3c011b0d35d4b"', 'Last-Modified': 'Fri, 06 Sep 2024 18:26:04 GMT', 'X-OAuth-Scopes': 'audit_log, codespace, copilot, gist, notifications, project, repo, user, workflow, write:discussion, write:packages', 'X-Accepted-OAuth-Scopes': '', 'github-authentication-token-expiration': '2024-10-09 14:58:15 UTC', 'X-GitHub-Media-Type': 'github.v3; format=json', 'x-github-api-version-selected': '2022-11-28', 'X-RateLimit-Limit': '5000', 'X-RateLimit-Remaining': '4993', 'X-RateLimit-Reset': '1725897533', 'X-RateLimit-Used': '7', 'X-RateLimit-Resource': 'core', 'Access-Control-Expose-Headers': 'ETag, Link, Location, Retry-After, X-GitHub-OTP, X-RateLimit-Limit, X-RateLimit-Remaining, X-RateLimit-Used, X-RateLimit-Resource, X-RateLimit-Reset, X-OAuth-Scopes, X-Accepted-OAuth-Scopes, X-Poll-Interval, X-GitHub-Media-Type, X-GitHub-SSO, X-GitHub-Request-Id, Deprecation, Sunset', 'Access-Control-Allow-Origin': '*', 'Strict-Transport-Security': 'max-age=31536000; includeSubdomains; preload', 'X-Frame-Options': 'deny', 'X-Content-Type-Options': 'nosniff', 'X-XSS-Protection': '0', 'Referrer-Policy': 'origin-when-cross-origin, strict-origin-when-cross-origin', 'Content-Security-Policy': "default-src 'none'", 'Content-Encoding': 'gzip', 'Transfer-Encoding': 'chunked', 'Server': 'github.com', 'X-GitHub-Request-Id': 'C23C:6580C:1823D43:194EA5C:66DF0F2C'} 
 body={"login":"thalitech","id":175446870,"node_id":"U_kgDOCnUbVg","avatar_url":"https://avatars.githubusercontent.com/u/175446870?v=4","gravatar_id":"","url":"https://api.github.com/users/thalitech","html_url":"https://github.com/thalitech","followers_url":"https://api.github.com/users/thalitech/followers","following_url":"https://api.github.com/users/thalitech/following{/other_user}","gists_url":"https://api.github.com/users/thalitech/gists{/gist_id}","starred_url":"https://api.github.com/users/thalitech/starred{/owner}{/repo}","subscriptions_url":"https://api.github.com/users/thalitech/subscriptions","organizations_url":"https://api.github.com/users/thalitech/orgs","repos_url":"https://api.github.com/users/thalitech/repos","events_url":"https://api.github.com/users/thalitech/events{/privacy}","received_events_url":"https://api.github.com/users/thalitech/received_events","type":"User","site_admin":false,"name":"Thalita Almeida Bernardes","company":null,"blog":"","location":"Campinas, São Paulo","email":"thalita.amd.slv@gmail.com","hireable":null,"bio":"Eu sou a Thalita, Bacharel em Sistemas de Informação, atualmente trabalho na área da Garantia da Qualidade de Software","twitter_username":null,"notification_email":"thalita.amd.slv@gmail.com","public_repos":11,"public_gists":0,"followers":0,"following":0,"created_at":"2024-07-12T19:44:28Z","updated_at":"2024-09-06T18:26:04Z","private_gists":0,"total_private_repos":0,"owned_private_repos":0,"disk_usage":19288,"collaborators":0,"two_factor_authentication":false,"plan":{"name":"free","space":976562499,"collaborators":0,"private_repos":10000}} 
 </msg>
<msg time="2024-09-09T12:07:23.907403" level="INFO">${MY_USER_DATA} = &lt;Response [200]&gt;</msg>
<var>${MY_USER_DATA}</var>
<arg>alias=mygithubAuth</arg>
<arg>uri=/user</arg>
<doc>*DEPRECATED* Please use `GET On Session` instead.</doc>
<status status="PASS" start="2024-09-09T12:07:23.506785" elapsed="0.400618"/>
</kw>
<kw name="Log" owner="BuiltIn">
<msg time="2024-09-09T12:07:23.907403" level="INFO">Meus dados: {'login': 'thalitech', 'id': 175446870, 'node_id': 'U_kgDOCnUbVg', 'avatar_url': 'https://avatars.githubusercontent.com/u/175446870?v=4', 'gravatar_id': '', 'url': 'https://api.github.com/users/thalitech', 'html_url': 'https://github.com/thalitech', 'followers_url': 'https://api.github.com/users/thalitech/followers', 'following_url': 'https://api.github.com/users/thalitech/following{/other_user}', 'gists_url': 'https://api.github.com/users/thalitech/gists{/gist_id}', 'starred_url': 'https://api.github.com/users/thalitech/starred{/owner}{/repo}', 'subscriptions_url': 'https://api.github.com/users/thalitech/subscriptions', 'organizations_url': 'https://api.github.com/users/thalitech/orgs', 'repos_url': 'https://api.github.com/users/thalitech/repos', 'events_url': 'https://api.github.com/users/thalitech/events{/privacy}', 'received_events_url': 'https://api.github.com/users/thalitech/received_events', 'type': 'User', 'site_admin': False, 'name': 'Thalita Almeida Bernardes', 'company': None, 'blog': '', 'location': 'Campinas, São Paulo', 'email': 'thalita.amd.slv@gmail.com', 'hireable': None, 'bio': 'Eu sou a Thalita, Bacharel em Sistemas de Informação, atualmente trabalho na área da Garantia da Qualidade de Software', 'twitter_username': None, 'notification_email': 'thalita.amd.slv@gmail.com', 'public_repos': 11, 'public_gists': 0, 'followers': 0, 'following': 0, 'created_at': '2024-07-12T19:44:28Z', 'updated_at': '2024-09-06T18:26:04Z', 'private_gists': 0, 'total_private_repos': 0, 'owned_private_repos': 0, 'disk_usage': 19288, 'collaborators': 0, 'two_factor_authentication': False, 'plan': {'name': 'free', 'space': 976562499, 'collaborators': 0, 'private_repos': 10000}}</msg>
<arg>Meus dados: ${MY_USER_DATA.json()}</arg>
<doc>Logs the given message with the given level.</doc>
<status status="PASS" start="2024-09-09T12:07:23.907403" elapsed="0.000000"/>
</kw>
<kw name="Confere sucesso na requisição">
<kw name="Should Be True" owner="BuiltIn">
<arg>'${RESPONSE.status_code}'=='200' or '${RESPONSE.status_code}'=='201'</arg>
<arg>msg=Erro na requisição! Verifique: ${RESPONSE}</arg>
<doc>Fails if the given condition is not true.</doc>
<status status="PASS" start="2024-09-09T12:07:23.908401" elapsed="0.000997"/>
</kw>
<arg>${MY_USER_DATA}</arg>
<status status="PASS" start="2024-09-09T12:07:23.908401" elapsed="0.001994"/>
</kw>
<status status="PASS" start="2024-09-09T12:07:23.506785" elapsed="0.403610"/>
</kw>
<status status="PASS" start="2024-09-09T12:07:23.502797" elapsed="0.407988"/>
</test>
<test id="s1-t2" name="Exemplo: Usando parâmetros" line="18">
<kw name="Conectar na API do GitHub sem autenticação">
<kw name="Create Session" owner="RequestsLibrary">
<msg time="2024-09-09T12:07:23.913712" level="INFO">Creating Session using : alias=mygithub, url=https://api.github.com, headers={},                     cookies={}, auth=None, timeout=None, proxies=None, verify=False,                     debug=0 </msg>
<arg>alias=mygithub</arg>
<arg>url=${GITHUB_HOST}</arg>
<arg>disable_warnings=True</arg>
<doc>Create Session: create a HTTP session to a server</doc>
<status status="PASS" start="2024-09-09T12:07:23.913712" elapsed="0.000000"/>
</kw>
<status status="PASS" start="2024-09-09T12:07:23.912677" elapsed="0.001035"/>
</kw>
<kw name="Pesquisar issues com o state &quot;open&quot; e com o label &quot;bug&quot;" source_name="Pesquisar issues com o state &quot;${STATE}&quot; e com o label &quot;${LABEL}&quot;">
<kw name="Create Dictionary" owner="BuiltIn">
<msg time="2024-09-09T12:07:23.915712" level="INFO">&amp;{PARAMS} = { state=open | labels=bug }</msg>
<var>&amp;{PARAMS}</var>
<arg>state=${STATE}</arg>
<arg>labels=${LABEL}</arg>
<doc>Creates and returns a dictionary based on the given ``items``.</doc>
<status status="PASS" start="2024-09-09T12:07:23.914673" elapsed="0.001039"/>
</kw>
<kw name="Get Request" owner="RequestsLibrary">
<msg time="2024-09-09T12:07:23.915712" level="WARN">Keyword 'RequestsLibrary.Get Request' is deprecated. Please use `GET On Session` instead.</msg>
<msg time="2024-09-09T12:07:24.377680" level="INFO">GET Request : url=https://api.github.com/repos/thalitech/apirobot/issues?state=open&amp;labels=bug 
 path_url=/repos/thalitech/apirobot/issues?state=open&amp;labels=bug 
 headers={'User-Agent': 'python-requests/2.32.3', 'Accept-Encoding': 'gzip, deflate', 'Accept': '*/*', 'Connection': 'keep-alive'} 
 body=None 
 </msg>
<msg time="2024-09-09T12:07:24.377680" level="INFO">GET Response : url=https://api.github.com/repos/thalitech/apirobot/issues?state=open&amp;labels=bug 
 status=200, reason=OK 
 headers={'Date': 'Mon, 09 Sep 2024 15:07:25 GMT', 'Content-Type': 'application/json; charset=utf-8', 'Cache-Control': 'public, max-age=60, s-maxage=60', 'Vary': 'Accept,Accept-Encoding, Accept, X-Requested-With', 'ETag': 'W/"bc14cf544d3f071459c226b6dba044909ded95a3a1ad0937d89ceba79bb8f3fd"', 'X-GitHub-Media-Type': 'github.v3; format=json', 'x-github-api-version-selected': '2022-11-28', 'Access-Control-Expose-Headers': 'ETag, Link, Location, Retry-After, X-GitHub-OTP, X-RateLimit-Limit, X-RateLimit-Remaining, X-RateLimit-Used, X-RateLimit-Resource, X-RateLimit-Reset, X-OAuth-Scopes, X-Accepted-OAuth-Scopes, X-Poll-Interval, X-GitHub-Media-Type, X-GitHub-SSO, X-GitHub-Request-Id, Deprecation, Sunset', 'Access-Control-Allow-Origin': '*', 'Strict-Transport-Security': 'max-age=31536000; includeSubdomains; preload', 'X-Frame-Options': 'deny', 'X-Content-Type-Options': 'nosniff', 'X-XSS-Protection': '0', 'Referrer-Policy': 'origin-when-cross-origin, strict-origin-when-cross-origin', 'Content-Security-Policy': "default-src 'none'", 'Content-Encoding': 'gzip', 'Server': 'github.com', 'X-RateLimit-Limit': '60', 'X-RateLimit-Remaining': '42', 'X-RateLimit-Reset': '1725896065', 'X-RateLimit-Resource': 'core', 'X-RateLimit-Used': '18', 'Accept-Ranges': 'bytes', 'Content-Length': '799', 'X-GitHub-Request-Id': 'C23D:1F13EC:27CFC5B:299BBAB:66DF0F2C'} 
 body=[{"url":"https://api.github.com/repos/thalitech/apirobot/issues/1","repository_url":"https://api.github.com/repos/thalitech/apirobot","labels_url":"https://api.github.com/repos/thalitech/apirobot/issues/1/labels{/name}","comments_url":"https://api.github.com/repos/thalitech/apirobot/issues/1/comments","events_url":"https://api.github.com/repos/thalitech/apirobot/issues/1/events","html_url":"https://github.com/thalitech/apirobot/issues/1","id":2514172293,"node_id":"I_kwDOMvCF2c6V2zmF","number":1,"title":"Test Issue Robot API","user":{"login":"thalitech","id":175446870,"node_id":"U_kgDOCnUbVg","avatar_url":"https://avatars.githubusercontent.com/u/175446870?v=4","gravatar_id":"","url":"https://api.github.com/users/thalitech","html_url":"https://github.com/thalitech","followers_url":"https://api.github.com/users/thalitech/followers","following_url":"https://api.github.com/users/thalitech/following{/other_user}","gists_url":"https://api.github.com/users/thalitech/gists{/gist_id}","starred_url":"https://api.github.com/users/thalitech/starred{/owner}{/repo}","subscriptions_url":"https://api.github.com/users/thalitech/subscriptions","organizations_url":"https://api.github.com/users/thalitech/orgs","repos_url":"https://api.github.com/users/thalitech/repos","events_url":"https://api.github.com/users/thalitech/events{/privacy}","received_events_url":"https://api.github.com/users/thalitech/received_events","type":"User","site_admin":false},"labels":[{"id":7439672058,"node_id":"LA_kwDOMvCF2c8AAAABu3Bi-g","url":"https://api.github.com/repos/thalitech/apirobot/labels/bug","name":"bug","color":"d73a4a","default":true,"description":"Something isn't working"}],"state":"open","locked":false,"assignee":null,"assignees":[],"milestone":null,"comments":0,"created_at":"2024-09-09T14:43:56Z","updated_at":"2024-09-09T14:44:46Z","closed_at":null,"author_association":"OWNER","active_lock_reason":null,"body":null,"closed_by":null,"reactions":{"url":"https://api.github.com/repos/thalitech/apirobot/issues/1/reactions","total_count":1,"+1":1,"-1":0,"laugh":0,"hooray":0,"confused":0,"heart":0,"rocket":0,"eyes":0},"timeline_url":"https://api.github.com/repos/thalitech/apirobot/issues/1/timeline","performed_via_github_app":null,"state_reason":null}] 
 </msg>
<msg time="2024-09-09T12:07:24.377680" level="INFO">${MY_ISSUES} = &lt;Response [200]&gt;</msg>
<var>${MY_ISSUES}</var>
<arg>alias=mygithub</arg>
<arg>uri=${ISSUES_URI}</arg>
<arg>params=${PARAMS}</arg>
<doc>*DEPRECATED* Please use `GET On Session` instead.</doc>
<status status="PASS" start="2024-09-09T12:07:23.915712" elapsed="0.461968"/>
</kw>
<kw name="Log" owner="BuiltIn">
<msg time="2024-09-09T12:07:24.379573" level="INFO">Lista de Issues: [{'url': 'https://api.github.com/repos/thalitech/apirobot/issues/1', 'repository_url': 'https://api.github.com/repos/thalitech/apirobot', 'labels_url': 'https://api.github.com/repos/thalitech/apirobot/issues/1/labels{/name}', 'comments_url': 'https://api.github.com/repos/thalitech/apirobot/issues/1/comments', 'events_url': 'https://api.github.com/repos/thalitech/apirobot/issues/1/events', 'html_url': 'https://github.com/thalitech/apirobot/issues/1', 'id': 2514172293, 'node_id': 'I_kwDOMvCF2c6V2zmF', 'number': 1, 'title': 'Test Issue Robot API', 'user': {'login': 'thalitech', 'id': 175446870, 'node_id': 'U_kgDOCnUbVg', 'avatar_url': 'https://avatars.githubusercontent.com/u/175446870?v=4', 'gravatar_id': '', 'url': 'https://api.github.com/users/thalitech', 'html_url': 'https://github.com/thalitech', 'followers_url': 'https://api.github.com/users/thalitech/followers', 'following_url': 'https://api.github.com/users/thalitech/following{/other_user}', 'gists_url': 'https://api.github.com/users/thalitech/gists{/gist_id}', 'starred_url': 'https://api.github.com/users/thalitech/starred{/owner}{/repo}', 'subscriptions_url': 'https://api.github.com/users/thalitech/subscriptions', 'organizations_url': 'https://api.github.com/users/thalitech/orgs', 'repos_url': 'https://api.github.com/users/thalitech/repos', 'events_url': 'https://api.github.com/users/thalitech/events{/privacy}', 'received_events_url': 'https://api.github.com/users/thalitech/received_events', 'type': 'User', 'site_admin': False}, 'labels': [{'id': 7439672058, 'node_id': 'LA_kwDOMvCF2c8AAAABu3Bi-g', 'url': 'https://api.github.com/repos/thalitech/apirobot/labels/bug', 'name': 'bug', 'color': 'd73a4a', 'default': True, 'description': "Something isn't working"}], 'state': 'open', 'locked': False, 'assignee': None, 'assignees': [], 'milestone': None, 'comments': 0, 'created_at': '2024-09-09T14:43:56Z', 'updated_at': '2024-09-09T14:44:46Z', 'closed_at': None, 'author_association': 'OWNER', 'active_lock_reason': None, 'body': None, 'closed_by': None, 'reactions': {'url': 'https://api.github.com/repos/thalitech/apirobot/issues/1/reactions', 'total_count': 1, '+1': 1, '-1': 0, 'laugh': 0, 'hooray': 0, 'confused': 0, 'heart': 0, 'rocket': 0, 'eyes': 0}, 'timeline_url': 'https://api.github.com/repos/thalitech/apirobot/issues/1/timeline', 'performed_via_github_app': None, 'state_reason': None}]</msg>
<arg>Lista de Issues: ${MY_ISSUES.json()}</arg>
<doc>Logs the given message with the given level.</doc>
<status status="PASS" start="2024-09-09T12:07:24.378576" elapsed="0.000997"/>
</kw>
<kw name="Confere sucesso na requisição">
<kw name="Should Be True" owner="BuiltIn">
<arg>'${RESPONSE.status_code}'=='200' or '${RESPONSE.status_code}'=='201'</arg>
<arg>msg=Erro na requisição! Verifique: ${RESPONSE}</arg>
<doc>Fails if the given condition is not true.</doc>
<status status="PASS" start="2024-09-09T12:07:24.380534" elapsed="0.001983"/>
</kw>
<arg>${MY_ISSUES}</arg>
<status status="PASS" start="2024-09-09T12:07:24.379573" elapsed="0.002944"/>
</kw>
<status status="PASS" start="2024-09-09T12:07:23.914673" elapsed="0.467844"/>
</kw>
<status status="PASS" start="2024-09-09T12:07:23.912677" elapsed="0.471283"/>
</test>
<test id="s1-t3" name="Exemplo: Usando headers" line="22">
<kw name="Conectar com autenticação por token na API do GitHub">
<kw name="Create Dictionary" owner="BuiltIn">
<msg time="2024-09-09T12:07:24.388904" level="INFO">${HEADERS} = {'Authorization': 'Bearer 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'}</msg>
<var>${HEADERS}</var>
<arg>Authorization=Bearer ${MY_GITHUB_TOKEN}</arg>
<doc>Creates and returns a dictionary based on the given ``items``.</doc>
<status status="PASS" start="2024-09-09T12:07:24.387855" elapsed="0.001049"/>
</kw>
<kw name="Create Session" owner="RequestsLibrary">
<msg time="2024-09-09T12:07:24.389901" level="INFO">Creating Session using : alias=mygithubAuth, url=https://api.github.com, headers={'Authorization': 'Bearer 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'},                     cookies={}, auth=None, timeout=None, proxies=None, verify=False,                     debug=0 </msg>
<arg>alias=mygithubAuth</arg>
<arg>url=${GITHUB_HOST}</arg>
<arg>headers=${HEADERS}</arg>
<arg>disable_warnings=True</arg>
<doc>Create Session: create a HTTP session to a server</doc>
<status status="PASS" start="2024-09-09T12:07:24.388904" elapsed="0.000997"/>
</kw>
<status status="PASS" start="2024-09-09T12:07:24.387855" elapsed="0.002046"/>
</kw>
<kw name="Enviar a reação &quot;heart&quot; para a issue &quot;1&quot;" source_name="Enviar a reação &quot;${REACTION}&quot; para a issue &quot;${ISSUE_NUMBER}&quot;">
<kw name="Create Dictionary" owner="BuiltIn">
<msg time="2024-09-09T12:07:24.391832" level="INFO">${HEADERS} = {'Accept': 'application/vnd.github.squirrel-girl-preview+json'}</msg>
<var>${HEADERS}</var>
<arg>Accept=application/vnd.github.squirrel-girl-preview+json</arg>
<doc>Creates and returns a dictionary based on the given ``items``.</doc>
<status status="PASS" start="2024-09-09T12:07:24.391832" elapsed="0.000000"/>
</kw>
<kw name="Post Request" owner="RequestsLibrary">
<msg time="2024-09-09T12:07:24.391832" level="WARN">Keyword 'RequestsLibrary.Post Request' is deprecated. Please use `POST On Session` instead.</msg>
<msg time="2024-09-09T12:07:24.929089" level="INFO">POST Request : url=https://api.github.com/repos/thalitech/apirobot/issues/1/reactions 
 path_url=/repos/thalitech/apirobot/issues/1/reactions 
 headers={'User-Agent': 'python-requests/2.32.3', 'Accept-Encoding': 'gzip, deflate', 'Accept': 'application/vnd.github.squirrel-girl-preview+json', 'Connection': 'keep-alive', 'Authorization': 'Bearer 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', 'Content-Length': '20'} 
 body=b'{"content": "heart"}' 
 </msg>
<msg time="2024-09-09T12:07:24.929089" level="INFO">POST Response : url=https://api.github.com/repos/thalitech/apirobot/issues/1/reactions 
 status=201, reason=Created 
 headers={'Date': 'Mon, 09 Sep 2024 15:07:25 GMT', 'Content-Type': 'application/json; charset=utf-8', 'Content-Length': '1031', 'Cache-Control': 'private, max-age=60, s-maxage=60', 'Vary': 'Accept, Authorization, Cookie, X-GitHub-OTP,Accept-Encoding, Accept, X-Requested-With', 'ETag': '"59c2409b54909c9c9f3c178638d9619396cd342661c89383ce43ac911454dab6"', 'X-OAuth-Scopes': 'audit_log, codespace, copilot, gist, notifications, project, repo, user, workflow, write:discussion, write:packages', 'X-Accepted-OAuth-Scopes': '', 'github-authentication-token-expiration': '2024-10-09 14:58:15 UTC', 'X-GitHub-Media-Type': 'github.v3; param=squirrel-girl-preview; format=json', 'x-github-api-version-selected': '2022-11-28', 'X-RateLimit-Limit': '5000', 'X-RateLimit-Remaining': '4992', 'X-RateLimit-Reset': '1725897533', 'X-RateLimit-Used': '8', 'X-RateLimit-Resource': 'core', 'Access-Control-Expose-Headers': 'ETag, Link, Location, Retry-After, X-GitHub-OTP, X-RateLimit-Limit, X-RateLimit-Remaining, X-RateLimit-Used, X-RateLimit-Resource, X-RateLimit-Reset, X-OAuth-Scopes, X-Accepted-OAuth-Scopes, X-Poll-Interval, X-GitHub-Media-Type, X-GitHub-SSO, X-GitHub-Request-Id, Deprecation, Sunset', 'Access-Control-Allow-Origin': '*', 'Strict-Transport-Security': 'max-age=31536000; includeSubdomains; preload', 'X-Frame-Options': 'deny', 'X-Content-Type-Options': 'nosniff', 'X-XSS-Protection': '0', 'Referrer-Policy': 'origin-when-cross-origin, strict-origin-when-cross-origin', 'Content-Security-Policy': "default-src 'none'", 'Server': 'github.com', 'X-GitHub-Request-Id': 'C23E:F34AB:CBB4C4:D5617F:66DF0F2D'} 
 body={"id":195954878,"node_id":"REA_lAHOMvCF2c6V2zmFzguuCL4","user":{"login":"thalitech","id":175446870,"node_id":"U_kgDOCnUbVg","avatar_url":"https://avatars.githubusercontent.com/u/175446870?v=4","gravatar_id":"","url":"https://api.github.com/users/thalitech","html_url":"https://github.com/thalitech","followers_url":"https://api.github.com/users/thalitech/followers","following_url":"https://api.github.com/users/thalitech/following{/other_user}","gists_url":"https://api.github.com/users/thalitech/gists{/gist_id}","starred_url":"https://api.github.com/users/thalitech/starred{/owner}{/repo}","subscriptions_url":"https://api.github.com/users/thalitech/subscriptions","organizations_url":"https://api.github.com/users/thalitech/orgs","repos_url":"https://api.github.com/users/thalitech/repos","events_url":"https://api.github.com/users/thalitech/events{/privacy}","received_events_url":"https://api.github.com/users/thalitech/received_events","type":"User","site_admin":false},"content":"heart","created_at":"2024-09-09T15:07:25Z"} 
 </msg>
<msg time="2024-09-09T12:07:24.930087" level="INFO">${MY_REACTION} = &lt;Response [201]&gt;</msg>
<var>${MY_REACTION}</var>
<arg>alias=mygithubAuth</arg>
<arg>uri=${ISSUES_URI}/${ISSUE_NUMBER}/reactions</arg>
<arg>data={"content": "${REACTION}"}</arg>
<arg>headers=${HEADERS}</arg>
<doc>*DEPRECATED* Please use `POST On Session` instead.</doc>
<status status="PASS" start="2024-09-09T12:07:24.391832" elapsed="0.538255"/>
</kw>
<kw name="Log" owner="BuiltIn">
<msg time="2024-09-09T12:07:24.933080" level="INFO">Meus dados: {'id': 195954878, 'node_id': 'REA_lAHOMvCF2c6V2zmFzguuCL4', 'user': {'login': 'thalitech', 'id': 175446870, 'node_id': 'U_kgDOCnUbVg', 'avatar_url': 'https://avatars.githubusercontent.com/u/175446870?v=4', 'gravatar_id': '', 'url': 'https://api.github.com/users/thalitech', 'html_url': 'https://github.com/thalitech', 'followers_url': 'https://api.github.com/users/thalitech/followers', 'following_url': 'https://api.github.com/users/thalitech/following{/other_user}', 'gists_url': 'https://api.github.com/users/thalitech/gists{/gist_id}', 'starred_url': 'https://api.github.com/users/thalitech/starred{/owner}{/repo}', 'subscriptions_url': 'https://api.github.com/users/thalitech/subscriptions', 'organizations_url': 'https://api.github.com/users/thalitech/orgs', 'repos_url': 'https://api.github.com/users/thalitech/repos', 'events_url': 'https://api.github.com/users/thalitech/events{/privacy}', 'received_events_url': 'https://api.github.com/users/thalitech/received_events', 'type': 'User', 'site_admin': False}, 'content': 'heart', 'created_at': '2024-09-09T15:07:25Z'}</msg>
<arg>Meus dados: ${MY_REACTION.json()}</arg>
<doc>Logs the given message with the given level.</doc>
<status status="PASS" start="2024-09-09T12:07:24.931083" elapsed="0.001997"/>
</kw>
<kw name="Confere sucesso na requisição">
<kw name="Should Be True" owner="BuiltIn">
<arg>'${RESPONSE.status_code}'=='200' or '${RESPONSE.status_code}'=='201'</arg>
<arg>msg=Erro na requisição! Verifique: ${RESPONSE}</arg>
<doc>Fails if the given condition is not true.</doc>
<status status="PASS" start="2024-09-09T12:07:24.934077" elapsed="0.004987"/>
</kw>
<arg>${MY_REACTION}</arg>
<status status="PASS" start="2024-09-09T12:07:24.933080" elapsed="0.005984"/>
</kw>
<status status="PASS" start="2024-09-09T12:07:24.390858" elapsed="0.548206"/>
</kw>
<status status="PASS" start="2024-09-09T12:07:24.386858" elapsed="0.554207"/>
</test>
<doc>Exemplos da própria Library: https://github.com/bulkan/robotframework-requests/blob/master/tests/testcase.robot
Doc da API do GitHub: https://developer.github.com/v3/</doc>
<status status="PASS" start="2024-09-09T12:07:22.715030" elapsed="2.231020"/>
</suite>
<statistics>
<total>
<stat pass="3" fail="0" skip="0">All Tests</stat>
</total>
<tag>
</tag>
<suite>
<stat pass="3" fail="0" skip="0" id="s1" name="Headers Params Auth">Headers Params Auth</stat>
</suite>
</statistics>
<errors>
<msg time="2024-09-09T12:07:23.506785" level="WARN">Keyword 'RequestsLibrary.Get Request' is deprecated. Please use `GET On Session` instead.</msg>
<msg time="2024-09-09T12:07:23.915712" level="WARN">Keyword 'RequestsLibrary.Get Request' is deprecated. Please use `GET On Session` instead.</msg>
<msg time="2024-09-09T12:07:24.391832" level="WARN">Keyword 'RequestsLibrary.Post Request' is deprecated. Please use `POST On Session` instead.</msg>
</errors>
</robot>
